14:37:42.716 [restartedMain] INFO  c.s.s.SpringbootlogdemoApplication - Starting SpringbootlogdemoApplication on TRNROOM2-26 with PID 26124 (C:\training\Navneet2\springbootlogdemo\target\classes started by Admin in C:\training\Navneet2\springbootlogdemo)
14:37:42.730 [restartedMain] INFO  c.s.s.SpringbootlogdemoApplication - No active profile set, falling back to default profiles: default
14:37:52.846 [restartedMain] INFO  o.s.b.d.e.DevToolsPropertyDefaultsPostProcessor - Devtools property defaults active! Set 'spring.devtools.add-properties' to 'false' to disable
14:37:52.846 [restartedMain] INFO  o.s.b.d.e.DevToolsPropertyDefaultsPostProcessor - For additional web related logging consider setting the 'logging.level.web' property to 'DEBUG'
14:37:55.336 [restartedMain] INFO  o.s.b.w.e.tomcat.TomcatWebServer - Tomcat initialized with port(s): 8888 (http)
14:37:55.362 [restartedMain] INFO  o.a.coyote.http11.Http11NioProtocol - Initializing ProtocolHandler ["http-nio-8888"]
14:37:55.378 [restartedMain] INFO  o.a.catalina.core.StandardService - Starting service [Tomcat]
14:37:55.379 [restartedMain] INFO  o.a.catalina.core.StandardEngine - Starting Servlet engine: [Apache Tomcat/9.0.14]
14:37:55.395 [restartedMain] INFO  o.a.c.core.AprLifecycleListener - The APR based Apache Tomcat Native library which allows optimal performance in production environments was not found on the java.library.path: [C:\Program Files\Java\jre1.8.0_191\bin;C:\Windows\Sun\Java\bin;C:\Windows\system32;C:\Windows;C:/Program Files/Java/jre1.8.0_191/bin/server;C:/Program Files/Java/jre1.8.0_191/bin;C:/Program Files/Java/jre1.8.0_191/lib/amd64;C:\Program Files (x86)\Common Files\Oracle\Java\javapath;C:\oraclexe\app\oracle\product\10.2.0\server\bin;C:\Program Files (x86)\Intel\iCLS Client\;C:\Program Files\Intel\iCLS Client\;C:\Windows\system32;C:\Windows;C:\Windows\System32\Wbem;C:\Windows\System32\WindowsPowerShell\v1.0\;C:\Program Files\Intel\Intel(R) Management Engine Components\DAL;C:\Program Files (x86)\Intel\Intel(R) Management Engine Components\DAL;C:\Program Files\Intel\Intel(R) Management Engine Components\IPT;C:\Program Files (x86)\Intel\Intel(R) Management Engine Components\IPT;C:\Program Files\nodejs\;C:\Program Files\Git\cmd;;C:\Program Files\Docker Toolbox;C:\eclipse-jee-photon-R-win32-x86_64\eclipse;;.]
14:37:55.540 [restartedMain] INFO  o.a.c.c.C.[Tomcat].[localhost].[/] - Initializing Spring embedded WebApplicationContext
14:37:55.541 [restartedMain] INFO  o.s.web.context.ContextLoader - Root WebApplicationContext: initialization completed in 2695 ms
14:37:55.943 [restartedMain] INFO  o.s.s.c.ThreadPoolTaskExecutor - Initializing ExecutorService 'applicationTaskExecutor'
14:37:56.328 [restartedMain] INFO  o.s.b.d.a.OptionalLiveReloadServer - LiveReload server is running on port 35729
14:37:56.369 [restartedMain] INFO  o.a.coyote.http11.Http11NioProtocol - Starting ProtocolHandler ["http-nio-8888"]
14:37:56.413 [restartedMain] INFO  o.s.b.w.e.tomcat.TomcatWebServer - Tomcat started on port(s): 8888 (http) with context path ''
14:37:56.428 [restartedMain] INFO  c.s.s.SpringbootlogdemoApplication - Started SpringbootlogdemoApplication in 14.222 seconds (JVM running for 14.917)
14:37:56.448 [restartedMain] INFO  o.s.b.a.SpringBootApplication - this is log info
14:37:56.449 [restartedMain] WARN  o.s.b.a.SpringBootApplication - this is log warn
14:37:56.449 [restartedMain] ERROR o.s.b.a.SpringBootApplication - this is error log
14:38:56.858 [Thread-6] INFO  o.s.s.c.ThreadPoolTaskExecutor - Shutting down ExecutorService 'applicationTaskExecutor'
